[08/02/2025 17:56:38] ERROR: Erro ao verificar ou criar banco de dados: import_logger.logger.alert is not a function
[08/02/2025 17:59:46] ERROR: Erro ao criar tabelas: Validation error
[08/02/2025 17:59:53] ERROR: Erro ao criar tabelas: Validation error
[08/02/2025 18:00:20] ERROR: Erro ao criar tabelas: Validation error
[08/02/2025 18:00:24] ERROR: Erro ao criar tabelas: Validation error
[08/02/2025 18:00:59] ERROR: Erro ao criar tabelas: Validation error
[08/02/2025 18:01:01] ERROR: Erro ao criar tabelas: Validation error
[08/02/2025 18:01:05] ERROR: Erro ao criar tabelas: Validation error
[08/02/2025 18:01:43] ERROR: Erro ao criar tabelas: Validation error
[08/02/2025 18:01:47] ERROR: Erro ao criar tabelas: Validation error
[08/02/2025 18:01:49] ERROR: Erro ao criar tabelas: Validation error
[08/02/2025 18:01:53] ERROR: Erro ao criar tabelas: Validation error
[08/02/2025 18:01:57] ERROR: Erro ao criar tabelas: Validation error
[08/02/2025 18:02:18] ERROR: Erro ao criar tabelas: Validation error
[08/02/2025 18:02:39] ERROR: Erro ao criar tabelas: force is not defined
[08/02/2025 18:02:42] ERROR: Erro ao criar tabelas: Validation error
[08/02/2025 18:02:44] ERROR: Erro ao criar tabelas: Validation error
[08/02/2025 18:02:48] ERROR: Erro ao criar tabelas: force is not defined
[08/02/2025 18:02:50] ERROR: Erro ao criar tabelas: Validation error
[08/02/2025 18:03:30] ERROR: Erro ao criar tabelas: Validation error
[08/02/2025 18:03:32] ERROR: Erro ao criar tabelas: Validation error
[08/02/2025 18:04:14] ERROR: Erro ao criar tabelas: Validation error
[08/02/2025 18:04:16] ERROR: Erro ao criar tabelas: Validation error
[08/02/2025 18:04:46] ERROR: Erro ao criar tabelas: Validation error
[08/02/2025 18:04:49] ERROR: Erro ao criar tabelas: Validation error
[08/02/2025 18:04:50] ERROR: Erro ao criar tabelas: Validation error
[08/02/2025 18:04:52] ERROR: Erro ao criar tabelas: Validation error
[08/02/2025 18:05:02] ERROR: Versão não encontrada!
[08/02/2025 18:05:05] ERROR: Versão não encontrada!
[08/02/2025 18:05:12] ERROR: Versão não encontrada!
[08/02/2025 18:05:14] ERROR: Versão não encontrada!
[08/02/2025 18:08:15] ERROR: Versão não encontrada!
[08/02/2025 18:08:17] ERROR: Versão não encontrada!
[08/02/2025 18:08:22] ERROR: Versão não encontrada!
[08/02/2025 18:09:07] ERROR: Versão não encontrada!
[08/02/2025 18:10:14] ERROR: Versão não encontrada!
[08/02/2025 18:10:32] ERROR: Versão não encontrada!
[08/02/2025 18:10:36] ERROR: Versão não encontrada!
[08/02/2025 18:11:08] ERROR: Versão não encontrada!
[08/02/2025 18:11:23] ERROR: Erro ao criar tabelas: Validation error
[08/02/2025 18:11:29] ERROR: Versão não encontrada!
[08/02/2025 18:12:01] ERROR: Versão não encontrada!
[08/02/2025 18:12:11] ERROR: Erro ao criar tabelas: Validation error
[08/02/2025 18:12:14] ERROR: Erro ao criar tabelas: Validation error
[08/02/2025 18:12:20] ERROR: Erro ao criar tabelas: Validation error
[08/02/2025 18:12:27] ERROR: Erro ao criar tabelas: Validation error
[08/02/2025 18:12:53] ERROR: Erro ao criar tabelas: Validation error
[08/02/2025 18:13:00] ERROR: Erro ao criar tabelas: Validation error
[08/02/2025 18:13:05] ERROR: Versão não encontrada!
[08/02/2025 18:13:30] ERROR: Versão não encontrada!
[08/02/2025 18:13:48] ERROR: Versão não encontrada!
[08/02/2025 18:13:50] ERROR: Versão não encontrada!
[08/02/2025 18:13:52] ERROR: Versão não encontrada!
[08/02/2025 18:13:53] ERROR: Versão não encontrada!
[08/02/2025 18:14:08] ERROR: Erro ao criar tabelas: Validation error
[08/02/2025 18:14:16] ERROR: Erro ao criar tabelas: Validation error
[08/02/2025 18:15:12] ERROR: Erro ao criar tabelas: Validation error
[08/02/2025 18:15:26] ERROR: Erro ao criar tabelas: Validation error
[08/02/2025 18:16:13] ERROR: Erro ao criar tabelas: Validation error
[08/02/2025 18:16:19] ERROR: Erro ao criar tabelas: Validation error
[08/02/2025 18:16:23] ERROR: Erro ao criar tabelas: Validation error
[08/02/2025 18:16:26] ERROR: Erro ao criar tabelas: Validation error
[08/02/2025 18:16:36] ERROR: Erro ao criar tabelas: Validation error
[08/02/2025 18:16:41] ERROR: Erro ao criar tabelas: Validation error
[08/02/2025 18:16:44] ERROR: Erro ao criar tabelas: Validation error
[08/02/2025 18:28:33] ERROR: Erro ao criar tabelas: Validation error
[08/02/2025 18:28:43] ERROR: Erro ao criar tabelas: Validation error
[08/02/2025 18:28:45] ERROR: Erro ao criar tabelas: Validation error
[08/02/2025 18:28:51] ERROR: Erro ao criar tabelas: Validation error
[08/02/2025 18:28:55] ERROR: Erro ao criar tabelas: Validation error
[08/02/2025 18:28:58] ERROR: Erro ao criar tabelas: Validation error
[08/02/2025 18:29:04] ERROR: Erro ao criar tabelas: Validation error
[08/02/2025 18:29:05] ERROR: Erro ao criar tabelas: Validation error
[08/02/2025 18:29:41] ERROR: Erro ao criar tabelas: Validation error
[08/02/2025 18:56:47] ERROR: undefined
[08/02/2025 18:57:04] ERROR: undefined
[08/02/2025 18:57:07] ERROR: undefined
[08/02/2025 18:57:21] ERROR: undefined
[08/02/2025 18:57:23] ERROR: undefined
[08/02/2025 18:57:26] ERROR: undefined
[08/02/2025 18:58:17] ERROR: undefined
[08/02/2025 18:58:55] ERROR: undefined
[09/02/2025 19:00:33] ERROR: Erro ao verificar ou criar banco de dados: Can't create database 'db'; database exists
[09/02/2025 19:00:54] ERROR: Erro ao verificar ou criar banco de dados: db is not defined
[09/02/2025 19:00:57] ERROR: Erro ao verificar ou criar banco de dados: Can't create database 'db'; database exists
[09/02/2025 19:01:31] ERROR: Erro ao verificar ou criar banco de dados: You have an error in your SQL syntax; check the manual that corresponds to your MySQL server version for the right syntax to use near '?' at line 1
[09/02/2025 19:01:40] ERROR: Erro ao verificar ou criar banco de dados: You have an error in your SQL syntax; check the manual that corresponds to your MySQL server version for the right syntax to use near 'CONTROLE' at line 1
[09/02/2025 19:01:41] ERROR: Erro ao verificar ou criar banco de dados: You have an error in your SQL syntax; check the manual that corresponds to your MySQL server version for the right syntax to use near 'CONTROLES' at line 1
[09/02/2025 19:01:50] ERROR: Erro ao verificar ou criar banco de dados: You have an error in your SQL syntax; check the manual that corresponds to your MySQL server version for the right syntax to use near 'CONTROLES' at line 1
[09/02/2025 19:03:09] ERROR: Erro ao verificar ou criar banco de dados: You have an error in your SQL syntax; check the manual that corresponds to your MySQL server version for the right syntax to use near 'CONTROLES' at line 1
[09/02/2025 19:03:12] ERROR: Erro ao verificar ou criar banco de dados: You have an error in your SQL syntax; check the manual that corresponds to your MySQL server version for the right syntax to use near 'CONTROLES' at line 1
[09/02/2025 19:03:34] ERROR: Erro ao verificar ou criar banco de dados: You have an error in your SQL syntax; check the manual that corresponds to your MySQL server version for the right syntax to use near 'CONTROLES' at line 1
[09/02/2025 19:03:43] ERROR: Erro ao verificar ou criar banco de dados: CONST is not defined
[09/02/2025 19:03:46] ERROR: Erro ao verificar ou criar banco de dados: You have an error in your SQL syntax; check the manual that corresponds to your MySQL server version for the right syntax to use near 'CONTROLES' at line 1
[09/02/2025 19:03:57] ERROR: Erro ao verificar ou criar banco de dados: You have an error in your SQL syntax; check the manual that corresponds to your MySQL server version for the right syntax to use near 'CONTROLES' at line 1
[09/02/2025 19:04:00] ERROR: Erro ao verificar ou criar banco de dados: You have an error in your SQL syntax; check the manual that corresponds to your MySQL server version for the right syntax to use near 'CONTROLES' at line 1
[09/02/2025 19:04:04] ERROR: Erro ao verificar ou criar banco de dados: You have an error in your SQL syntax; check the manual that corresponds to your MySQL server version for the right syntax to use near 'CONTROLES' at line 1
[09/02/2025 19:04:20] ERROR: Erro ao verificar ou criar banco de dados: You have an error in your SQL syntax; check the manual that corresponds to your MySQL server version for the right syntax to use near 'CONTROLES' at line 1
[09/02/2025 19:04:56] ERROR: Erro ao verificar ou criar banco de dados: You have an error in your SQL syntax; check the manual that corresponds to your MySQL server version for the right syntax to use near 'CONTROLES' at line 1
[09/02/2025 19:05:00] ERROR: Erro ao verificar ou criar banco de dados: You have an error in your SQL syntax; check the manual that corresponds to your MySQL server version for the right syntax to use near 'CONTROLES' at line 1
[09/02/2025 19:05:11] ERROR: Erro ao verificar ou criar banco de dados: You have an error in your SQL syntax; check the manual that corresponds to your MySQL server version for the right syntax to use near 'CONTROLES' at line 1
[09/02/2025 19:05:32] ERROR: Erro ao verificar ou criar banco de dados: You have an error in your SQL syntax; check the manual that corresponds to your MySQL server version for the right syntax to use near 'CONTROLES' at line 1
[09/02/2025 19:06:19] ERROR: Erro ao verificar ou criar banco de dados: You have an error in your SQL syntax; check the manual that corresponds to your MySQL server version for the right syntax to use near 'CONTROLES' at line 1
[09/02/2025 19:06:26] ERROR: Erro ao verificar ou criar banco de dados: You have an error in your SQL syntax; check the manual that corresponds to your MySQL server version for the right syntax to use near 'CONTROLES' at line 1
